***BUSMASTER Ver 3.2.2***
***PROTOCOL CAN***
***NOTE: PLEASE DO NOT EDIT THIS DOCUMENT***
***[START LOGGING SESSION]***
***START DATE AND TIME 28:12:2019 10:17:6:790***
***HEX***
***SYSTEM MODE***
***START CHANNEL BAUD RATE***
***CHANNEL 1 - Kvaser - Kvaser Leaf Light HS #0 (Channel 0), Serial Number- 0, Firmware- 0x00000037 0x00020000 - 250000 bps***
***END CHANNEL BAUD RATE***
***START DATABASE FILES***
***END DATABASE FILES***
***<Time><Tx/Rx><Channel><CAN ID><Type><DLC><DataBytes>***
***END DATE AND TIME 28:12:2019 10:17:8:573***
***[STOP LOGGING SESSION]***

***BUSMASTER Ver 3.2.2***
***PROTOCOL CAN***
***NOTE: PLEASE DO NOT EDIT THIS DOCUMENT***
***[START LOGGING SESSION]***
***START DATE AND TIME 28:12:2019 10:17:21:565***
***HEX***
***SYSTEM MODE***
***START CHANNEL BAUD RATE***
***CHANNEL 1 - Kvaser - Kvaser Leaf Light HS #0 (Channel 0), Serial Number- 0, Firmware- 0x00000037 0x00020000 - 250000 bps***
***END CHANNEL BAUD RATE***
***START DATABASE FILES***
***END DATABASE FILES***
***<Time><Tx/Rx><Channel><CAN ID><Type><DLC><DataBytes>***
***END DATE AND TIME 28:12:2019 10:17:23:309***
***[STOP LOGGING SESSION]***

***BUSMASTER Ver 3.2.2***
***PROTOCOL CAN***
***NOTE: PLEASE DO NOT EDIT THIS DOCUMENT***
***[START LOGGING SESSION]***
***START DATE AND TIME 28:12:2019 10:17:24:13***
***HEX***
***SYSTEM MODE***
***START CHANNEL BAUD RATE***
***CHANNEL 1 - Kvaser - Kvaser Leaf Light HS #0 (Channel 0), Serial Number- 0, Firmware- 0x00000037 0x00020000 - 250000 bps***
***END CHANNEL BAUD RATE***
***START DATABASE FILES***
***END DATABASE FILES***
***<Time><Tx/Rx><Channel><CAN ID><Type><DLC><DataBytes>***
***END DATE AND TIME 28:12:2019 10:17:25:454***
***[STOP LOGGING SESSION]***

***BUSMASTER Ver 3.2.2***
***PROTOCOL CAN***
***NOTE: PLEASE DO NOT EDIT THIS DOCUMENT***
***[START LOGGING SESSION]***
***START DATE AND TIME 28:12:2019 10:19:0:217***
***HEX***
***SYSTEM MODE***
***START CHANNEL BAUD RATE***
***CHANNEL 1 - Kvaser - Kvaser Leaf Light HS #0 (Channel 0), Serial Number- 0, Firmware- 0x00000037 0x00020000 - 250000 bps***
***END CHANNEL BAUD RATE***
***START DATABASE FILES***
***END DATABASE FILES***
***<Time><Tx/Rx><Channel><CAN ID><Type><DLC><DataBytes>***
***END DATE AND TIME 28:12:2019 10:19:3:286***
***[STOP LOGGING SESSION]***

***BUSMASTER Ver 3.2.2***
***PROTOCOL CAN***
***NOTE: PLEASE DO NOT EDIT THIS DOCUMENT***
***[START LOGGING SESSION]***
***START DATE AND TIME 28:12:2019 10:19:12:715***
***HEX***
***SYSTEM MODE***
***START CHANNEL BAUD RATE***
***CHANNEL 1 - Kvaser - Kvaser Leaf Light HS #0 (Channel 0), Serial Number- 0, Firmware- 0x00000037 0x00020000 - 250000 bps***
***END CHANNEL BAUD RATE***
***START DATABASE FILES***
***END DATABASE FILES***
***<Time><Tx/Rx><Channel><CAN ID><Type><DLC><DataBytes>***
***END DATE AND TIME 28:12:2019 10:19:25:206***
***[STOP LOGGING SESSION]***

***BUSMASTER Ver 3.2.2***
***PROTOCOL CAN***
***NOTE: PLEASE DO NOT EDIT THIS DOCUMENT***
***[START LOGGING SESSION]***
***START DATE AND TIME 28:12:2019 10:19:34:968***
***HEX***
***SYSTEM MODE***
***START CHANNEL BAUD RATE***
***CHANNEL 1 - Kvaser - Kvaser Leaf Light HS #0 (Channel 0), Serial Number- 0, Firmware- 0x00000037 0x00020000 - 500000 bps***
***END CHANNEL BAUD RATE***
***START DATABASE FILES***
***END DATABASE FILES***
***<Time><Tx/Rx><Channel><CAN ID><Type><DLC><DataBytes>***
10:19:39:5126 Rx 1 0xCF02001 x 8 00 00 00 00 18 FF C3 FF 
10:19:39:5126 Rx 1 0xCF02001 x 8 00 00 00 00 18 FF C3 FF 
***END DATE AND TIME 28:12:2019 10:19:46:516***
***[STOP LOGGING SESSION]***

